[    0.000000] Linux version 4.15.0-202-generic (buildd@lcy02-amd64-115) (gcc version 7.5.0 (Ubuntu 7.5.0-3ubuntu1~18.04)) #213-Ubuntu SMP Thu Jan 5 19:19:12 UTC 2023 (Ubuntu 4.15.0-202.213-generic 4.15.18)
[    0.000000] Command line: BOOT_IMAGE=/boot/vmlinuz-4.15.0-202-generic root=LABEL=cloudimg-rootfs ro console=tty1 console=ttyS0
[    0.000000] KERNEL supported cpus:
[    0.000000]   Intel GenuineIntel
[    0.000000]   AMD AuthenticAMD
[    0.000000]   Centaur CentaurHauls
[    0.000000] x86/fpu: x87 FPU will use FXSAVE
[    0.000000] e820: BIOS-provided physical RAM map:
[    0.000000] BIOS-e820: [mem 0x0000000000000000-0x000000000009fbff] usable
[    0.000000] BIOS-e820: [mem 0x000000000009fc00-0x000000000009ffff] reserved
[    0.000000] BIOS-e820: [mem 0x00000000000f0000-0x00000000000fffff] reserved
[    0.000000] BIOS-e820: [mem 0x0000000000100000-0x00000000dffeffff] usable
[    0.000000] BIOS-e820: [mem 0x00000000dfff0000-0x00000000dfffffff] ACPI data
[    0.000000] BIOS-e820: [mem 0x00000000fec00000-0x00000000fec00fff] reserved
[    0.000000] BIOS-e820: [mem 0x00000000fee00000-0x00000000fee00fff] reserved
[    0.000000] BIOS-e820: [mem 0x00000000fffc0000-0x00000000ffffffff] reserved
[    0.000000] BIOS-e820: [mem 0x0000000100000000-0x000000021fffffff] usable
[    0.000000] NX (Execute Disable) protection: active
[    0.000000] SMBIOS 2.5 present.
[    0.000000] DMI: innotek GmbH VirtualBox/VirtualBox, BIOS VirtualBox 12/01/2006
[    0.000000] Hypervisor detected: KVM
[    0.000000] e820: last_pfn = 0x220000 max_arch_pfn = 0x400000000
[    0.000000] MTRR: Disabled
[    0.000000] x86/PAT: MTRRs disabled, skipping PAT initialization too.
[    0.000000] CPU MTRRs all blank - virtualized system.
[    0.000000] x86/PAT: Configuration [0-7]: WB  WT  UC- UC  WB  WT  UC- UC  
[    0.000000] e820: last_pfn = 0xdfff0 max_arch_pfn = 0x400000000
[    0.000000] found SMP MP-table at [mem 0x0009fff0-0x0009ffff]
[    0.000000] Scanning 1 areas for low memory corruption
[    0.000000] RAMDISK: [mem 0x359c9000-0x36cdbfff]
[    0.000000] ACPI: Early table checksum verification disabled
[    0.000000] ACPI: RSDP 0x00000000000E0000 000024 (v02 VBOX  )
[    0.000000] ACPI: XSDT 0x00000000DFFF0030 00003C (v01 VBOX   VBOXXSDT 00000001 ASL  00000061)
[    0.000000] ACPI: FACP 0x00000000DFFF00F0 0000F4 (v04 VBOX   VBOXFACP 00000001 ASL  00000061)
[    0.000000] ACPI: DSDT 0x00000000DFFF0610 002353 (v02 VBOX   VBOXBIOS 00000002 INTL 20100528)
[    0.000000] ACPI: FACS 0x00000000DFFF0200 000040
[    0.000000] ACPI: FACS 0x00000000DFFF0200 000040
[    0.000000] ACPI: APIC 0x00000000DFFF0240 00005C (v02 VBOX   VBOXAPIC 00000001 ASL  00000061)
[    0.000000] ACPI: SSDT 0x00000000DFFF02A0 00036C (v01 VBOX   VBOXCPUT 00000002 INTL 20100528)
[    0.000000] ACPI: Reserving FACP table memory at [mem 0xdfff00f0-0xdfff01e3]
[    0.000000] ACPI: Reserving DSDT table memory at [mem 0xdfff0610-0xdfff2962]
[    0.000000] ACPI: Reserving FACS table memory at [mem 0xdfff0200-0xdfff023f]
[    0.000000] ACPI: Reserving FACS table memory at [mem 0xdfff0200-0xdfff023f]
[    0.000000] ACPI: Reserving APIC table memory at [mem 0xdfff0240-0xdfff029b]
[    0.000000] ACPI: Reserving SSDT table memory at [mem 0xdfff02a0-0xdfff060b]
[    0.000000] No NUMA configuration found
[    0.000000] Faking a node at [mem 0x0000000000000000-0x000000021fffffff]
[    0.000000] NODE_DATA(0) allocated [mem 0x21ffd1000-0x21fffbfff]
[    0.000000] kvm-clock: cpu 0, msr 2:1ff50001, primary cpu clock
[    0.000000] kvm-clock: Using msrs 4b564d01 and 4b564d00
[    0.000000] kvm-clock: using sched offset of 4055603248 cycles
[    0.000000] clocksource: kvm-clock: mask: 0xffffffffffffffff max_cycles: 0x1cd42e4dffb, max_idle_ns: 881590591483 ns
[    0.000000] Zone ranges:
[    0.000000]   DMA      [mem 0x0000000000001000-0x0000000000ffffff]
[    0.000000]   DMA32    [mem 0x0000000001000000-0x00000000ffffffff]
[    0.000000]   Normal   [mem 0x0000000100000000-0x000000021fffffff]
[    0.000000]   Device   empty
[    0.000000] Movable zone start for each node
[    0.000000] Early memory node ranges
[    0.000000]   node   0: [mem 0x0000000000001000-0x000000000009efff]
[    0.000000]   node   0: [mem 0x0000000000100000-0x00000000dffeffff]
[    0.000000]   node   0: [mem 0x0000000100000000-0x000000021fffffff]
[    0.000000] Reserved but unavailable: 104 pages
[    0.000000] Initmem setup node 0 [mem 0x0000000000001000-0x000000021fffffff]
[    0.000000] ACPI: PM-Timer IO Port: 0x4008
[    0.000000] IOAPIC[0]: apic_id 2, version 32, address 0xfec00000, GSI 0-23
[    0.000000] ACPI: INT_SRC_OVR (bus 0 bus_irq 0 global_irq 2 dfl dfl)
[    0.000000] ACPI: INT_SRC_OVR (bus 0 bus_irq 9 global_irq 9 low level)
[    0.000000] Using ACPI (MADT) for SMP configuration information
[    0.000000] smpboot: Allowing 2 CPUs, 0 hotplug CPUs
[    0.000000] PM: Registered nosave memory: [mem 0x00000000-0x00000fff]
[    0.000000] PM: Registered nosave memory: [mem 0x0009f000-0x0009ffff]
[    0.000000] PM: Registered nosave memory: [mem 0x000a0000-0x000effff]
[    0.000000] PM: Registered nosave memory: [mem 0x000f0000-0x000fffff]
[    0.000000] PM: Registered nosave memory: [mem 0xdfff0000-0xdfffffff]
[    0.000000] PM: Registered nosave memory: [mem 0xe0000000-0xfebfffff]
[    0.000000] PM: Registered nosave memory: [mem 0xfec00000-0xfec00fff]
[    0.000000] PM: Registered nosave memory: [mem 0xfec01000-0xfedfffff]
[    0.000000] PM: Registered nosave memory: [mem 0xfee00000-0xfee00fff]
[    0.000000] PM: Registered nosave memory: [mem 0xfee01000-0xfffbffff]
[    0.000000] PM: Registered nosave memory: [mem 0xfffc0000-0xffffffff]
[    0.000000] e820: [mem 0xe0000000-0xfebfffff] available for PCI devices
[    0.000000] Booting paravirtualized kernel on KVM
[    0.000000] clocksource: refined-jiffies: mask: 0xffffffff max_cycles: 0xffffffff, max_idle_ns: 7645519600211568 ns
[    0.000000] setup_percpu: NR_CPUS:8192 nr_cpumask_bits:2 nr_cpu_ids:2 nr_node_ids:1
[    0.000000] percpu: Embedded 50 pages/cpu s167936 r8192 d28672 u1048576
[    0.000000] PV qspinlock hash table entries: 256 (order: 0, 4096 bytes)
[    0.000000] Built 1 zonelists, mobility grouping on.  Total pages: 2064249
[    0.000000] Policy zone: Normal
[    0.000000] Kernel command line: BOOT_IMAGE=/boot/vmlinuz-4.15.0-202-generic root=LABEL=cloudimg-rootfs ro console=tty1 console=ttyS0
[    0.000000] Memory: 8142024K/8388152K available (12300K kernel code, 2477K rwdata, 4320K rodata, 2472K init, 2720K bss, 246128K reserved, 0K cma-reserved)
[    0.000000] SLUB: HWalign=64, Order=0-3, MinObjects=0, CPUs=2, Nodes=1
[    0.000000] Kernel/User page tables isolation: enabled
[    0.000000] ftrace: allocating 39478 entries in 155 pages
[    0.004000] Hierarchical RCU implementation.
[    0.004000] 	RCU restricting CPUs from NR_CPUS=8192 to nr_cpu_ids=2.
[    0.004000] 	Tasks RCU enabled.
[    0.004000] RCU: Adjusting geometry for rcu_fanout_leaf=16, nr_cpu_ids=2
[    0.004000] NR_IRQS: 524544, nr_irqs: 440, preallocated irqs: 16
[    0.004000] random: crng init done
[    0.004000] Console: colour VGA+ 80x25
[    0.004000] console [tty1] enabled
[    0.004000] console [ttyS0] enabled
[    0.004000] ACPI: Core revision 20170831
[    0.004000] ACPI: 2 ACPI AML tables successfully acquired and loaded
[    0.004000] APIC: Switch to symmetric I/O mode setup
[    0.004000] ..TIMER: vector=0x30 apic1=0 pin1=2 apic2=-1 pin2=-1
[    0.004000] tsc: Detected 3292.382 MHz processor
[    0.004000] Calibrating delay loop (skipped) preset value.. 6584.76 BogoMIPS (lpj=13169528)
[    0.004007] pid_max: default: 32768 minimum: 301
[    0.008089] Security Framework initialized
[    0.012005] Yama: becoming mindful.
[    0.016098] AppArmor: AppArmor initialized
[    0.072260] Dentry cache hash table entries: 1048576 (order: 11, 8388608 bytes)
[    0.101755] Inode-cache hash table entries: 524288 (order: 10, 4194304 bytes)
[    0.104542] Mount-cache hash table entries: 16384 (order: 5, 131072 bytes)
[    0.108560] Mountpoint-cache hash table entries: 16384 (order: 5, 131072 bytes)
[    0.113695] Last level iTLB entries: 4KB 1024, 2MB 1024, 4MB 1024
[    0.116003] Last level dTLB entries: 4KB 1024, 2MB 1024, 4MB 1024, 1GB 4
[    0.120007] Spectre V1 : Mitigation: usercopy/swapgs barriers and __user pointer sanitization
[    0.124005] Spectre V2 : Mitigation: Retpolines
[    0.128005] Spectre V2 : Spectre v2 / SpectreRSB mitigation: Filling RSB on context switch
[    0.132004] Speculative Store Bypass: Vulnerable
[    0.136047] MDS: Mitigation: Clear CPU buffers
[    0.140005] MMIO Stale Data: Unknown: No mitigations
[    0.144005] SRBDS: Unknown: Dependent on hypervisor status
[    0.148157] Freeing SMP alternatives memory: 36K
[    0.264922] APIC calibration not consistent with PM-Timer: 101ms instead of 100ms
[    0.268000] APIC delta adjusted to PM-Timer: 6269279 (6354188)
[    0.268443] smpboot: CPU0: Intel(R) Core(TM) i5-4590 CPU @ 3.30GHz (family: 0x6, model: 0x3c, stepping: 0x3)
[    0.272548] Performance Events: unsupported p6 CPU model 60 no PMU driver, software events only.
[    0.276176] Hierarchical SRCU implementation.
[    0.280951] NMI watchdog: Perf event create on CPU 0 failed with -2
[    0.284003] NMI watchdog: Perf NMI watchdog permanently disabled
[    0.288477] smp: Bringing up secondary CPUs ...
[    0.296327] x86: Booting SMP configuration:
[    0.300004] .... node  #0, CPUs:      #1
[    0.004000] kvm-clock: cpu 1, msr 2:1ff50041, secondary cpu clock
[    0.312000] TSC synchronization [CPU#0 -> CPU#1]:
[    0.312000] Measured 125002 cycles TSC warp between CPUs, turning off TSC clock.
[    0.312000] tsc: Marking TSC unstable due to check_tsc_sync_source failed
[    0.320289] smp: Brought up 1 node, 2 CPUs
[    0.324009] smpboot: Max logical packages: 1
[    0.328006] smpboot: Total of 2 processors activated (13169.52 BogoMIPS)
[    0.336006] devtmpfs: initialized
[    0.340109] x86/mm: Memory block size: 128MB
[    0.348339] evm: security.selinux
[    0.352003] evm: security.SMACK64
[    0.356000] evm: security.SMACK64EXEC
[    0.356005] evm: security.SMACK64TRANSMUTE
[    0.360003] evm: security.SMACK64MMAP
[    0.364003] evm: security.apparmor
[    0.368000] evm: security.ima
[    0.368004] evm: security.capability
[    0.376345] clocksource: jiffies: mask: 0xffffffff max_cycles: 0xffffffff, max_idle_ns: 7645041785100000 ns
[    0.380024] futex hash table entries: 512 (order: 3, 32768 bytes)
[    0.384197] pinctrl core: initialized pinctrl subsystem
[    0.388751] RTC time: 17:47:08, date: 01/31/23
[    0.393446] NET: Registered protocol family 16
[    0.396188] audit: initializing netlink subsys (disabled)
[    0.400281] audit: type=2000 audit(1675187233.441:1): state=initialized audit_enabled=0 res=1
[    0.412008] cpuidle: using governor ladder
[    0.420021] cpuidle: using governor menu
[    0.424055] ACPI: bus type PCI registered
[    0.428004] acpiphp: ACPI Hot Plug PCI Controller Driver version: 0.5
[    0.432592] PCI: Using configuration type 1 for base access
[    0.444151] HugeTLB registered 2.00 MiB page size, pre-allocated 0 pages
[    0.456277] ACPI: Added _OSI(Module Device)
[    0.460004] ACPI: Added _OSI(Processor Device)
[    0.464005] ACPI: Added _OSI(3.0 _SCP Extensions)
[    0.468006] ACPI: Added _OSI(Processor Aggregator Device)
[    0.472006] ACPI: Added _OSI(Linux-Dell-Video)
[    0.476007] ACPI: Added _OSI(Linux-Lenovo-NV-HDMI-Audio)
[    0.480008] ACPI: Added _OSI(Linux-HPI-Hybrid-Graphics)
[    0.485073] ACPI: Executed 1 blocks of module-level executable AML code
[    0.495473] ACPI: Interpreter enabled
[    0.496015] ACPI: (supports S0 S5)
[    0.499564] ACPI: Using IOAPIC for interrupt routing
[    0.500525] PCI: Using host bridge windows from ACPI; if necessary, use "pci=nocrs" and report a bug
[    0.504355] ACPI: Enabled 2 GPEs in block 00 to 07
[    0.523093] ACPI: PCI Root Bridge [PCI0] (domain 0000 [bus 00-ff])
[    0.524012] acpi PNP0A03:00: _OSC: OS supports [ASPM ClockPM Segments MSI]
[    0.528861] acpi PNP0A03:00: _OSC: not requesting OS control; OS requires [ExtendedConfig ASPM ClockPM MSI]
[    0.532021] acpi PNP0A03:00: fail to add MMCONFIG information, can't access extended PCI configuration space under this bridge.
[    0.536939] PCI host bridge to bus 0000:00
[    0.540006] pci_bus 0000:00: root bus resource [io  0x0000-0x0cf7 window]
[    0.544011] pci_bus 0000:00: root bus resource [io  0x0d00-0xffff window]
[    0.548009] pci_bus 0000:00: root bus resource [mem 0x000a0000-0x000bffff window]
[    0.552010] pci_bus 0000:00: root bus resource [mem 0xe0000000-0xfdffffff window]
[    0.556007] pci_bus 0000:00: root bus resource [bus 00-ff]
[    0.570012] pci 0000:00:01.1: legacy IDE quirk: reg 0x10: [io  0x01f0-0x01f7]
[    0.572004] pci 0000:00:01.1: legacy IDE quirk: reg 0x14: [io  0x03f6]
[    0.576007] pci 0000:00:01.1: legacy IDE quirk: reg 0x18: [io  0x0170-0x0177]
[    0.580006] pci 0000:00:01.1: legacy IDE quirk: reg 0x1c: [io  0x0376]
[    0.611280] pci 0000:00:07.0: quirk: [io  0x4000-0x403f] claimed by PIIX4 ACPI
[    0.612050] pci 0000:00:07.0: quirk: [io  0x4100-0x410f] claimed by PIIX4 SMB
[    0.633880] ACPI: PCI Interrupt Link [LNKA] (IRQs 5 9 10 *11)
[    0.636602] ACPI: PCI Interrupt Link [LNKB] (IRQs 5 9 *10 11)
[    0.644264] ACPI: PCI Interrupt Link [LNKC] (IRQs 5 *9 10 11)
[    0.648238] ACPI: PCI Interrupt Link [LNKD] (IRQs 5 9 10 *11)
[    0.657740] SCSI subsystem initialized
[    0.660249] pci 0000:00:02.0: vgaarb: setting as boot VGA device
[    0.664000] pci 0000:00:02.0: vgaarb: VGA device added: decodes=io+mem,owns=io+mem,locks=none
[    0.664011] pci 0000:00:02.0: vgaarb: bridge control possible
[    0.668006] vgaarb: loaded
[    0.672090] ACPI: bus type USB registered
[    0.676068] usbcore: registered new interface driver usbfs
[    0.680033] usbcore: registered new interface driver hub
[    0.684014] usbcore: registered new device driver usb
[    0.688448] EDAC MC: Ver: 3.0.0
[    0.696528] PCI: Using ACPI for IRQ routing
[    0.700995] NetLabel: Initializing
[    0.704005] NetLabel:  domain hash size = 128
[    0.708003] NetLabel:  protocols = UNLABELED CIPSOv4 CALIPSO
[    0.712023] NetLabel:  unlabeled traffic allowed by default
[    0.720238] clocksource: Switched to clocksource kvm-clock
[    0.743161] VFS: Disk quotas dquot_6.6.0
[    0.743161] VFS: Dquot-cache hash table entries: 512 (order 0, 4096 bytes)
[    0.743161] AppArmor: AppArmor Filesystem Enabled
[    0.743161] pnp: PnP ACPI init
[    0.743161] pnp: PnP ACPI: found 3 devices
[    0.848339] clocksource: acpi_pm: mask: 0xffffff max_cycles: 0xffffff, max_idle_ns: 2085701024 ns
[    0.852277] NET: Registered protocol family 2
[    0.852277] IP idents hash table entries: 131072 (order: 8, 1048576 bytes)
[    0.876043] TCP established hash table entries: 65536 (order: 7, 524288 bytes)
[    0.878666] TCP bind hash table entries: 65536 (order: 8, 1048576 bytes)
[    0.878666] TCP: Hash tables configured (established 65536 bind 65536)
[    0.878666] UDP hash table entries: 4096 (order: 5, 131072 bytes)
[    0.878666] UDP-Lite hash table entries: 4096 (order: 5, 131072 bytes)
[    0.878666] NET: Registered protocol family 1
[    0.878666] pci 0000:00:00.0: Limiting direct PCI/PCI transfers
[    0.878666] pci 0000:00:01.0: Activating ISA DMA hang workarounds
[    0.878666] pci 0000:00:02.0: Video device with shadowed ROM at [mem 0x000c0000-0x000dffff]
[    0.878666] Unpacking initramfs...
[    1.417466] Freeing initrd memory: 19532K
[    1.417466] PCI-DMA: Using software bounce buffering for IO (SWIOTLB)
[    1.417466] software IO TLB: mapped [mem 0xdbff0000-0xdfff0000] (64MB)
[    1.417466] clocksource: tsc: mask: 0xffffffffffffffff max_cycles: 0x2f753024dc4, max_idle_ns: 440795286185 ns
[    1.417466] platform rtc_cmos: registered platform RTC device (no PNP device found)
[    1.417466] Scanning for low memory corruption every 60 seconds
[    1.478967] Initialise system trusted keyrings
[    1.482230] Key type blacklist registered
[    1.489535] workingset: timestamp_bits=36 max_order=21 bucket_order=0
[    1.492989] zbud: loaded
[    1.504339] squashfs: version 4.0 (2009/01/31) Phillip Lougher
[    1.511290] fuse init (API version 7.26)
[    1.560208] Key type asymmetric registered
[    1.565127] Asymmetric key parser 'x509' registered
[    1.570834] Block layer SCSI generic (bsg) driver version 0.4 loaded (major 246)
[    1.579225] io scheduler noop registered
[    1.583591] io scheduler deadline registered
[    1.589286] io scheduler cfq registered (default)
[    1.595252] ACPI: AC Adapter [AC] (on-line)
[    1.600179] input: Power Button as /devices/LNXSYSTM:00/LNXPWRBN:00/input/input0
[    1.609179] ACPI: Power Button [PWRF]
[    1.613859] input: Sleep Button as /devices/LNXSYSTM:00/LNXSLPBN:00/input/input1
[    1.622222] ACPI: Sleep Button [SLPF]
[    1.628609] Serial: 8250/16550 driver, 32 ports, IRQ sharing enabled
[    1.663558] 00:02: ttyS0 at I/O 0x3f8 (irq = 4, base_baud = 115200) is a 16550A
[    1.693344] Linux agpgart interface v0.103
[    1.710570] loop: module loaded
[    1.717667] scsi host0: ata_piix
[    1.723518] scsi host1: ata_piix
[    1.727234] ata1: PATA max UDMA/33 cmd 0x1f0 ctl 0x3f6 bmdma 0xd000 irq 14
[    1.733784] ata2: PATA max UDMA/33 cmd 0x170 ctl 0x376 bmdma 0xd008 irq 15
[    1.742564] tun: Universal TUN/TAP device driver, 1.6
[    1.748194] PPP generic driver version 2.4.2
[    1.753937] ehci_hcd: USB 2.0 'Enhanced' Host Controller (EHCI) Driver
[    1.761392] ehci-pci: EHCI PCI platform driver
[    1.766034] ehci-platform: EHCI generic platform driver
[    1.772004] ohci_hcd: USB 1.1 'Open' Host Controller (OHCI) Driver
[    1.778449] ohci-pci: OHCI PCI platform driver
[    1.783252] ohci-platform: OHCI generic platform driver
[    1.790021] uhci_hcd: USB Universal Host Controller Interface driver
[    1.796724] i8042: PNP: PS/2 Controller [PNP0303:PS2K,PNP0f03:PS2M] at 0x60,0x64 irq 1,12
[    1.810168] serio: i8042 KBD port at 0x60,0x64 irq 1
[    1.816075] serio: i8042 AUX port at 0x60,0x64 irq 12
[    1.822932] mousedev: PS/2 mouse device common for all mice
[    1.834719] rtc_cmos rtc_cmos: rtc core: registered rtc_cmos as rtc0
[    1.843157] input: AT Translated Set 2 keyboard as /devices/platform/i8042/serio0/input/input2
[    1.845183] rtc_cmos rtc_cmos: alarms up to one day, 114 bytes nvram
[    1.860837] i2c /dev entries driver
[    1.865554] device-mapper: uevent: version 1.0.3
[    1.871575] device-mapper: ioctl: 4.37.0-ioctl (2017-09-20) initialised: dm-devel@redhat.com
[    1.881355] ledtrig-cpu: registered to indicate activity on CPUs
[    1.891687] NET: Registered protocol family 10
[    1.941267] Segment Routing with IPv6
[    1.945209] NET: Registered protocol family 17
[    1.949850] Key type dns_resolver registered
[    1.968202] mce: Using 0 MCE banks
[    1.972144] RAS: Correctable Errors collector initialized.
[    1.972144] sched_clock: Marking stable (1968144342, 0)->(3786403649, -1818259307)
[    1.991200] registered taskstats version 1
[    1.995510] Loading compiled-in X.509 certificates
[    2.005968] Loaded X.509 cert 'Build time autogenerated kernel key: f114f3958ed3c37ba1924ca66ae8368f3c35b0e4'
[    2.016673] Loaded X.509 cert 'Canonical Ltd. Live Patch Signing: 14df34d1a87cf37625abec039ef2bf521249b969'
[    2.028776] Loaded X.509 cert 'Canonical Ltd. Kernel Module Signing: 88f752e560a1e0737e31163a466ad7b70a850c19'
[    2.039018] blacklist: Loading compiled-in revocation X.509 certificates
[    2.046058] Loaded X.509 cert 'Canonical Ltd. Secure Boot Signing: 61482aa2830d0ab2ad5af10b7250da9033ddcef0'
[    2.056480] zswap: loaded using pool lzo/zbud
[    2.071907] Key type big_key registered
[    2.076688] Key type trusted registered
[    2.084311] Key type encrypted registered
[    2.089391] AppArmor: AppArmor sha1 policy hashing enabled
[    2.095440] ima: No TPM chip found, activating TPM-bypass! (rc=-19)
[    2.102249] ima: Allocated hash algorithm: sha1
[    2.107802] evm: HMAC attrs: 0x1
[    2.112192]   Magic number: 7:339:796
[    2.116891] rtc_cmos rtc_cmos: setting system clock to 2023-01-31 17:47:09 UTC (1675187229)
[    2.126517] BIOS EDD facility v0.16 2004-Jun-25, 0 devices found
[    2.132754] EDD information not available.
[    2.142463] Freeing unused kernel image memory: 2472K
[    2.172196] Write protecting the kernel read-only data: 20480k
[    2.180546] Freeing unused kernel image memory: 2008K
[    2.186359] Freeing unused kernel image memory: 1824K
[    2.198384] x86/mm: Checked W+X mappings: passed, no W+X pages found.
[    2.205514] x86/mm: Checking user space page tables
[    2.215681] x86/mm: Checked W+X mappings: passed, no W+X pages found.
Loading, please wait...
starting version 237
[    2.375917] Fusion MPT base driver 3.04.20
[    2.380360] Copyright (c) 1999-2008 LSI Corporation
[    2.395464] e1000: Intel(R) PRO/1000 Network Driver - version 7.3.21-k8-NAPI
[    2.403015] e1000: Copyright (c) 1999-2006 Intel Corporation.
[    2.447989] SSE version of gcm_enc/dec engaged.
[    2.466238] Fusion MPT SPI Host driver 3.04.20
[    3.172876] input: ImExPS/2 Generic Explorer Mouse as /devices/platform/i8042/serio1/input/input4
[    3.208559] e1000 0000:00:03.0 eth0: (PCI:33MHz:32-bit) 02:0c:5d:76:46:7f
[    3.216166] e1000 0000:00:03.0 eth0: Intel(R) PRO/1000 Network Connection
[    3.225706] mptbase: ioc0: Initiating bringup
[    3.390494] ioc0: LSI53C1030 A0: Capabilities={Initiator}
[    4.316334] scsi host2: ioc0: LSI53C1030 A0, FwRev=00000000h, Ports=1, MaxQ=256, IRQ=20
[    5.215738] scsi 2:0:0:0: Direct-Access     VBOX     HARDDISK         1.0  PQ: 0 ANSI: 5
[    5.274492] scsi target2:0:0: Beginning Domain Validation
[    5.287837] scsi target2:0:0: Domain Validation skipping write tests
[    5.295063] scsi target2:0:0: Ending Domain Validation
[    5.301705] scsi target2:0:0: asynchronous
[    5.307959] scsi 2:0:1:0: Direct-Access     VBOX     HARDDISK         1.0  PQ: 0 ANSI: 5
[    5.632401] scsi target2:0:1: Beginning Domain Validation
[    5.644661] scsi target2:0:1: Domain Validation skipping write tests
[    5.651667] scsi target2:0:1: Ending Domain Validation
[    5.658315] scsi target2:0:1: asynchronous
[    5.677677] sd 2:0:0:0: [sda] 146800640 512-byte logical blocks: (75.2 GB/70.0 GiB)
[    5.687798] sd 2:0:0:0: [sda] Write Protect is off
[    5.692911] sd 2:0:0:0: Attached scsi generic sg0 type 0
[    5.699027] sd 2:0:0:0: [sda] Incomplete mode parameter data
[    5.706279] sd 2:0:0:0: [sda] Assuming drive cache: write through
[    5.719823] sd 2:0:1:0: [sdb] 20480 512-byte logical blocks: (10.5 MB/10.0 MiB)
[    5.727580] sd 2:0:1:0: Attached scsi generic sg1 type 0
[    5.735007] sd 2:0:1:0: [sdb] Write Protect is off
[    5.743425] sd 2:0:1:0: [sdb] Incomplete mode parameter data
[    5.749666] sd 2:0:1:0: [sdb] Assuming drive cache: write through
[    5.756537]  sda: sda1
[    5.762240] sd 2:0:0:0: [sda] Attached SCSI disk
[    5.775193] sd 2:0:1:0: [sdb] Attached SCSI disk
[    6.012799] e1000 0000:00:08.0 eth1: (PCI:33MHz:32-bit) 08:00:27:cf:23:82
[    6.020118] e1000 0000:00:08.0 eth1: Intel(R) PRO/1000 Network Connection
[    6.030915] e1000 0000:00:08.0 enp0s8: renamed from eth1
[    6.056844] e1000 0000:00:03.0 enp0s3: renamed from eth0
Begin: Loading essential drivers ... [    9.488086] raid6: sse2x1   gen() 10094 MB/s
[    9.540082] raid6: sse2x1   xor()  6975 MB/s
[    9.592597] raid6: sse2x2   gen() 12621 MB/s
[    9.644416] raid6: sse2x2   xor()  7713 MB/s
[    9.696119] raid6: sse2x4   gen() 14279 MB/s
[    9.748242] raid6: sse2x4   xor()  9301 MB/s
[    9.752883] raid6: using algorithm sse2x4 gen() 14279 MB/s
[    9.758323] raid6: .... xor() 9301 MB/s, rmw enabled
[    9.763367] raid6: using ssse3x2 recovery algorithm
[    9.772851] xor: measuring software checksum speed
[   14.171390]    prefetch64-sse: 623193.704 MB/sec
[   15.264910]    generic_sse: 252526.704 MB/sec
[   15.270926] xor: using function: prefetch64-sse (623193.704 MB/sec)
[   15.279871] async_tx: api initialized (async)
done.
Begin: Running /scripts/init-premount ... done.
Begin: Mounting root file system ... Begin: Running /scripts/local-top ... done.
Begin: Running /scripts/local-premount ... [   15.365174] Btrfs loaded, crc32c=crc32c-intel
Scanning for Btrfs filesystems
done.
Warning: fsck not present, so skipping root file system
[   17.085229] EXT4-fs (sda1): mounted filesystem with ordered data mode. Opts: (null)
done.
Begin: Running /scripts/local-bottom ... done.
Begin: Running /scripts/init-bottom ... done.
[   18.904790] ip_tables: (C) 2000-2006 Netfilter Core Team
[   19.082124] systemd[1]: systemd 237 running in system mode. (+PAM +AUDIT +SELINUX +IMA +APPARMOR +SMACK +SYSVINIT +UTMP +LIBCRYPTSETUP +GCRYPT +GNUTLS +ACL +XZ +LZ4 +SECCOMP +BLKID +ELFUTILS +KMOD -IDN2 +IDN -PCRE2 default-hierarchy=hybrid)
[   19.103606] systemd[1]: Detected virtualization oracle.
[   19.109009] systemd[1]: Detected architecture x86-64.

Welcome to [1mUbuntu 18.04.6 LTS[0m!

[   19.162700] systemd[1]: Set hostname to <ubuntu>.
[   19.214970] systemd[1]: Initializing machine ID from random generator.
[   19.222201] systemd[1]: Installed transient /etc/machine-id file.
[   21.186573] systemd[1]: Created slice User and Session Slice.
[[0;32m  OK  [0m] Created slice User and Session Slice.
[   21.196924] systemd[1]: Created slice System Slice.
[[0;32m  OK  [0m] Created slice System Slice.
[   21.205343] systemd[1]: Listening on Journal Socket.
[[0;32m  OK  [0m] Listening on Journal Socket.
[   21.212727] systemd[1]: Listening on udev Control Socket.
[[0;32m  OK  [0m] Listening on udev Control Socket.
         Starting Create list of required st…ce nodes for the current kernel...
         Starting Set the console keyboard layout...
[[0;32m  OK  [0m] Listening on LVM2 metadata daemon socket.
         Mounting Kernel Debug File System...
[[0;32m  OK  [0m] Listening on Journal Audit Socket.
[[0;32m  OK  [0m] Created slice system-serial\x2dgetty.slice.
[[0;32m  OK  [0m] Reached target User and Group Name Lookups.
         Mounting POSIX Message Queue File System...
         Starting Load Kernel Modules...
[[0;32m  OK  [0m] Reached target Swap.
         Mounting Huge Pages File System...
[[0;32m  OK  [0m] Listening on Journal Socket (/dev/log).
[[0;32m  OK  [0m] Listening on Device-mapper event daemon FIFOs.
         Starting Monitoring of LVM2 mirrors…ng dmeventd or progress polling...
[[0;32m  OK  [0m] Set up automount Arbitrary Executab…rmats File System Automount Point.
[   21.342710] Loading iSCSI transport class v2.0-870.
[[0;32m  OK  [0m] Reached target System Time Synchronized.
         Starting Uncomplicated firewall...
[[0;32m  OK  [0m] Reached target Slices.
[[0;32m  OK  [0m] Started Forward Password Requests to Wall Directory Watch.
[[0;32m  OK  [0m] Listening on LVM2 poll daemon socket.
[[0;32m  OK  [0m] Listening on Syslog Socket.
[   21.476429] iscsi: registered transport (tcp)
         Starting Journal Service...
[[0;32m  OK  [0m] Listening on udev Kernel Socket.
         Starting udev Coldplug all Devices...
[[0;32m  OK  [0m] Listening on Network Service Netlink Socket.
[[0;32m  OK  [0m] Listening on fsck to fsckd communication Socket.
         Starting File System Check on Root Device...
[[0;32m  OK  [0m] Listening on /dev/initctl Compatibility Named Pipe.
[[0;32m  OK  [0m] Started Create list of required sta…vice nodes for the current kernel.
[[0;32m  OK  [0m] Mounted Kernel Debug File System.
[[0;32m  OK  [0m] Mounted POSIX Message Queue File System.
[[0;32m  OK  [0m] Mounted Huge Pages File System.
[[0;32m  OK  [0m] Started Uncomplicated firewall.
         Starting Create Static Device Nodes in /dev...
[[0;32m  OK  [0m] Started Journal Service.
[[0;32m  OK  [0m] Started File System Check Daemon to report status.
[[0;32m  OK  [0m] Started udev Coldplug all Devices.
[[0;32m  OK  [0m] Started LVM2 metadata daemon.
[[0;32m  OK  [0m] Started Set the console keyboard layout.
[   21.807709] iscsi: registered transport (iser)
[[0;32m  OK  [0m] Started Load Kernel Modules.
         Mounting FUSE Control File System...
         Mounting Kernel Configuration File System...
         Starting Apply Kernel Variables...
[[0;32m  OK  [0m] Mounted FUSE Control File System.
[[0;32m  OK  [0m] Mounted Kernel Configuration File System.
[[0;32m  OK  [0m] Started Monitoring of LVM2 mirrors,…sing dmeventd or progress polling.
[[0;32m  OK  [0m] Started File System Check on Root Device.
         Starting Remount Root and Kernel File Systems...
[[0;32m  OK  [0m] Started Apply Kernel Variables.
[[0;32m  OK  [0m] Started Create Static Device Nodes in /dev.
[[0;32m  OK  [0m] Started Remount Root and Kernel File Systems.
         Starting Load/Save Random Seed...
[[0;32m  OK  [0m] Reached target Local File Systems (Pre).
[[0;32m  OK  [0m] Reached target Local File Systems.
         Starting AppArmor initialization...
         Starting Set console font and keymap...
         Starting Tell Plymouth To Write Out Runtime Data...
         Starting ebtables ruleset management...
         Starting Commit a transient machine-id on disk...
         Starting Flush Journal to Persistent Storage...
         Starting udev Kernel Device Manager...
[[0;32m  OK  [0m] Started Load/Save Random Seed.
[[0;32m  OK  [0m] Started Set console font and keymap.
[[0;32m  OK  [0m] Started Tell Plymouth To Write Out Runtime Data.
[[0;32m  OK  [0m] Started Commit a transient machine-id on disk.
[[0;32m  OK  [0m] Started Flush Journal to Persistent Storage.
         Starting Create Volatile Files and Directories...
[[0;32m  OK  [0m] Started udev Kernel Device Manager.
[[0;32m  OK  [0m] Started Dispatch Password Requests to Console Directory Watch.
[[0;32m  OK  [0m] Reached target Local Encrypted Volumes.
[[0;32m  OK  [0m] Started Create Volatile Files and Directories.
         Starting Update UTMP about System Boot/Shutdown...
[[0;32m  OK  [0m] Started ebtables ruleset management.
[[0;32m  OK  [0m] Started Update UTMP about System Boot/Shutdown.
[[0;32m  OK  [0m] Found device /dev/ttyS0.
[[0;32m  OK  [0m] Listening on Load/Save RF Kill Switch Status /dev/rfkill Watch.
         Mounting Arbitrary Executable File Formats File System...
[[0;32m  OK  [0m] Mounted Arbitrary Executable File Formats File System.
[[0;32m  OK  [0m] Started AppArmor initialization.
         Starting Load AppArmor profiles managed internally by snapd...
         Starting Initial cloud-init job (pre-networking)...
[[0;32m  OK  [0m] Started Load AppArmor profiles managed internally by snapd.
[   25.717740] cloud-init[543]: Cloud-init v. 22.4.2-0ubuntu0~18.04.1 running 'init-local' at Tue, 31 Jan 2023 17:47:32 +0000. Up 25.26 seconds.
[[0;32m  OK  [0m] Started Initial cloud-init job (pre-networking).
[[0;32m  OK  [0m] Reached target Network (Pre).
         Starting Network Service...
[[0;32m  OK  [0m] Started Network Service.
         Starting Network Name Resolution...
         Starting Wait for Network to be Configured...
[[0;32m  OK  [0m] Started Network Name Resolution.
[[0;32m  OK  [0m] Reached target Network.
[[0;32m  OK  [0m] Reached target Host and Network Name Lookups.
[[0;32m  OK  [0m] Started Wait for Network to be Configured.
         Starting Initial cloud-init job (metadata service crawler)...
[   27.993035] cloud-init[658]: Cloud-init v. 22.4.2-0ubuntu0~18.04.1 running 'init' at Tue, 31 Jan 2023 17:47:35 +0000. Up 27.83 seconds.
[   27.998986] cloud-init[658]: ci-info: ++++++++++++++++++++++++++++++++++++++Net device info++++++++++++++++++++++++++++++++++++++
[   28.004034] cloud-init[658]: ci-info: +--------+-------+---------------------------+---------------+--------+-------------------+
[   28.008567] cloud-init[658]: ci-info: | Device |   Up  |          Address          |      Mask     | Scope  |     Hw-Address    |
[   28.014774] cloud-init[658]: ci-info: +--------+-------+---------------------------+---------------+--------+-------------------+
[   28.019428] cloud-init[658]: ci-info: | enp0s3 |  True |         10.0.2.15         | 255.255.255.0 | global | 02:0c:5d:76:46:7f |
[   28.023880] cloud-init[658]: ci-info: | enp0s3 |  True | fe80::c:5dff:fe76:467f/64 |       .       |  link  | 02:0c:5d:76:46:7f |
[   28.029510] cloud-init[658]: ci-info: | enp0s8 | False |             .             |       .       |   .    | 08:00:27:cf:23:82 |
[   28.034615] cloud-init[658]: ci-info: |   lo   |  True |         127.0.0.1         |   255.0.0.0   |  host  |         .         |
[   28.038952] cloud-init[658]: ci-info: |   lo   |  True |          ::1/128          |       .       |  host  |         .         |
[   28.043437] cloud-init[658]: ci-info: +--------+-------+---------------------------+---------------+--------+-------------------+
[   28.060489] cloud-init[658]: ci-info: ++++++++++++++++++++++++++++Route IPv4 info+++++++++++++++++++++++++++++
[   28.065587] cloud-init[658]: ci-info: +-------+-------------+----------+-----------------+-----------+-------+
[   28.069360] cloud-init[658]: ci-info: | Route | Destination | Gateway  |     Genmask     | Interface | Flags |
[   28.073243] cloud-init[658]: ci-info: +-------+-------------+----------+-----------------+-----------+-------+
[   28.076966] cloud-init[658]: ci-info: |   0   |   0.0.0.0   | 10.0.2.2 |     0.0.0.0     |   enp0s3  |   UG  |
[   28.082780] cloud-init[658]: ci-info: |   1   |   10.0.2.0  | 0.0.0.0  |  255.255.255.0  |   enp0s3  |   U   |
[   28.089946] cloud-init[658]: ci-info: |   2   |   10.0.2.2  | 0.0.0.0  | 255.255.255.255 |   enp0s3  |   UH  |
[   28.098148] cloud-init[658]: ci-info: +-------+-------------+----------+-----------------+-----------+-------+
[   28.105497] cloud-init[658]: ci-info: +++++++++++++++++++Route IPv6 info+++++++++++++++++++
[   28.110830] cloud-init[658]: ci-info: +-------+-------------+---------+-----------+-------+
[   28.114595] cloud-init[658]: ci-info: | Route | Destination | Gateway | Interface | Flags |
[   28.117900] cloud-init[658]: ci-info: +-------+-------------+---------+-----------+-------+
[   28.120962] cloud-init[658]: ci-info: |   1   |  fe80::/64  |    ::   |   enp0s3  |   U   |
[   28.123947] cloud-init[658]: ci-info: |   3   |    local    |    ::   |   enp0s3  |   U   |
[   28.127305] cloud-init[658]: ci-info: |   4   |   ff00::/8  |    ::   |   enp0s3  |   U   |
[   28.131985] cloud-init[658]: ci-info: +-------+-------------+---------+-----------+-------+
[   29.539098] cloud-init[658]: Generating public/private rsa key pair.
[   29.541825] cloud-init[658]: Your identification has been saved in /etc/ssh/ssh_host_rsa_key.
[   29.545145] cloud-init[658]: Your public key has been saved in /etc/ssh/ssh_host_rsa_key.pub.
[   29.548679] cloud-init[658]: The key fingerprint is:
[   29.552919] cloud-init[658]: SHA256:w7ETQW1dI1NjFsMj/dDVzEujMTCT5qYkL9sicJ4MwTI root@ubuntu-bionic
[   29.556448] cloud-init[658]: The key's randomart image is:
[   29.558687] cloud-init[658]: +---[RSA 2048]----+
[   29.560816] cloud-init[658]: |       .o. ===X=+|
[   29.562749] cloud-init[658]: |         .oo=B=*=|
[   29.564758] cloud-init[658]: |  .     o.o  .=+o|
[   29.567064] cloud-init[658]: | E o   o = o . ..|
[   29.570833] cloud-init[658]: |  o .   S o      |
[   29.573159] cloud-init[658]: |   o . . =       |
[   29.575019] cloud-init[658]: |    * . +        |
[   29.577098] cloud-init[658]: |     = o .       |
[   29.578952] cloud-init[658]: |      . .        |
[   29.580930] cloud-init[658]: +----[SHA256]-----+
[   29.582756] cloud-init[658]: Generating public/private dsa key pair.
[   29.585979] cloud-init[658]: Your identification has been saved in /etc/ssh/ssh_host_dsa_key.
[   29.589684] cloud-init[658]: Your public key has been saved in /etc/ssh/ssh_host_dsa_key.pub.
[   29.593131] cloud-init[658]: The key fingerprint is:
[   29.594966] cloud-init[658]: SHA256:yFg3ENw6btE0yKzJtk+LK1p+V/iknEOiv8sQzfbORMQ root@ubuntu-bionic
[   29.598325] cloud-init[658]: The key's randomart image is:
[   29.601831] cloud-init[658]: +---[DSA 1024]----+
[   29.603799] cloud-init[658]: |     +o+         |
[   29.606024] cloud-init[658]: |     .=.+        |
[   29.607915] cloud-init[658]: |   . oE+o.       |
[   29.609807] cloud-init[658]: |   o==+o..       |
[   29.611674] cloud-init[658]: |  ..=o++S        |
[   29.613772] cloud-init[658]: |   ooo* o        |
[   29.615609] cloud-init[658]: |  o. OoB         |
[   29.618492] cloud-init[658]: | oooo+O .        |
[   29.620437] cloud-init[658]: |...+*=o.         |
[   29.622286] cloud-init[658]: +----[SHA256]-----+
[   29.624350] cloud-init[658]: Generating public/private ecdsa key pair.
[   29.626874] cloud-init[658]: Your identification has been saved in /etc/ssh/ssh_host_ecdsa_key.
[   29.630144] cloud-init[658]: Your public key has been saved in /etc/ssh/ssh_host_ecdsa_key.pub.
[   29.633870] cloud-init[658]: The key fingerprint is:
[   29.636522] cloud-init[658]: SHA256:oSY+TrDLdEQSoap2BzY5BmOzG9cF5OmjnzhQtTSQO0c root@ubuntu-bionic
[   29.640473] cloud-init[658]: The key's randomart image is:
[   29.642554] cloud-init[658]: +---[ECDSA 256]---+
[   29.644467] cloud-init[658]: |  oo+o           |
[   29.646347] cloud-init[658]: | . o.Eo          |
[   29.648277] cloud-init[658]: |.=. *oo..        |
[   29.650154] cloud-init[658]: |o =*+o.. .       |
[   29.653242] cloud-init[658]: |.ooO=+o S        |
[   29.655267] cloud-init[658]: |..*==o.          |
[   29.657271] cloud-init[658]: |.o+o=.           |
[   29.659096] cloud-init[658]: |.o.*+..          |
[   29.661028] cloud-init[658]: |  o.oo           |
[   29.662902] cloud-init[658]: +----[SHA256]-----+
[   29.664771] cloud-init[658]: Generating public/private ed25519 key pair.
[   29.668742] cloud-init[658]: Your identification has been saved in /etc/ssh/ssh_host_ed25519_key.
[   29.672632] cloud-init[658]: Your public key has been saved in /etc/ssh/ssh_host_ed25519_key.pub.
[   29.675969] cloud-init[658]: The key fingerprint is:
[   29.677960] cloud-init[658]: SHA256:yArNjR+7a9NI6lmsvoETWJdwXl0e67CYnBmTrAz1zcE root@ubuntu-bionic
[   29.681361] cloud-init[658]: The key's randomart image is:
[   29.683424] cloud-init[658]: +--[ED25519 256]--+
[   29.686315] cloud-init[658]: |  . o .o..o      |
[   29.688767] cloud-init[658]: |   = = +Eo o     |
[   29.690549] cloud-init[658]: |  o + * + o      |
[   29.693157] cloud-init[658]: | o * * O +       |
[   29.697784] cloud-init[658]: |. o * @ S .      |
[   29.704600] cloud-init[658]: |   + +.o         |
[   29.709335] cloud-init[658]: |  o oo=o         |
[   29.714193] cloud-init[658]: |   ..=+..        |
[   29.719659] cloud-init[658]: |   o*ooo         |
[   29.724730] cloud-init[658]: +----[SHA256]-----+
[[0;32m  OK  [0m] Started Initial cloud-init job (metadata service crawler).
[[0;32m  OK  [0m] Reached target System Initialization.
         Starting Socket activation for snappy daemon.
[[0;32m  OK  [0m] Listening on D-Bus System Message Bus Socket.
[[0;32m  OK  [0m] Started Daily Cleanup of Temporary Directories.
         Starting LXD - unix socket.
[[0;32m  OK  [0m] Started Ubuntu Advantage Timer for running repeated jobs.
[[0;32m  OK  [0m] Listening on UUID daemon activation socket.
[[0;32m  OK  [0m] Started Daily apt download activities.
[[0;32m  OK  [0m] Started Daily apt upgrade and clean activities.
[[0;32m  OK  [0m] Started Discard unused blocks once a week.
[[0;32m  OK  [0m] Listening on cloud-init hotplug hook socket.
[[0;32m  OK  [0m] Listening on Open-iSCSI iscsid Socket.
[[0;32m  OK  [0m] Started ACPI Events Check.
[[0;32m  OK  [0m] Reached target Paths.
[[0;32m  OK  [0m] Listening on ACPID Listen Socket.
[[0;32m  OK  [0m] Started Message of the Day.
[[0;32m  OK  [0m] Reached target Timers.
[[0;32m  OK  [0m] Reached target Network is Online.
[[0;32m  OK  [0m] Reached target Remote File Systems (Pre).
[[0;32m  OK  [0m] Reached target Remote File Systems.
         Starting Availability of block devices...
[[0;32m  OK  [0m] Reached target Cloud-config availability.
[[0;32m  OK  [0m] Listening on Socket activation for snappy daemon.
[[0;32m  OK  [0m] Listening on LXD - unix socket.
[[0;32m  OK  [0m] Started Availability of block devices.
[[0;32m  OK  [0m] Reached target Sockets.
[[0;32m  OK  [0m] Reached target Basic System.
         Starting Permit User Sessions...
[[0;32m  OK  [0m] Started D-Bus System Message Bus.
         Starting Dispatcher daemon for systemd-networkd...
[[0;32m  OK  [0m] Reached target Login Prompts (Pre).
         Starting Login Service...
[[0;32m  OK  [0m] Started Deferred execution scheduler.
[[0;32m  OK  [0m] Started FUSE filesystem for LXC.
         Starting Accounts Service...
         Starting Pollinate to seed the pseudo random number generator...
[[0;32m  OK  [0m] Started irqbalance daemon.
         Starting System Logging Service...
[[0;32m  OK  [0m] Started Regular background program processing daemon.
         Starting LSB: Record successful boot for GRUB...
         Starting LSB: automatic crash report generation...
         Starting LXD - container startup/shutdown...
         Starting Virtualbox guest utils...
         Starting Snap Daemon...
[[0;32m  OK  [0m] Started System Logging Service.
[[0;32m  OK  [0m] Started Permit User Sessions.
[[0;32m  OK  [0m] Started Login Service.
[[0;32m  OK  [0m] Started Dispatcher daemon for systemd-networkd.
         Starting Authorization Manager...
[[0;32m  OK  [0m] Started Unattended Upgrades Shutdown.
         Starting Hold until boot process finishes up...
         Starting Terminate Plymouth Boot Screen...
[[0;32m  OK  [0m] Started Hold until boot process finishes up.
[[0;32m  OK  [0m] Started Serial Getty on ttyS0.
         Starting Set console scheme...
[[0;32m  OK  [0m] Started Terminate Plymouth Boot Screen.
[[0;32m  OK  [0m] Started Set console scheme.
[[0;32m  OK  [0m] Started LSB: automatic crash report generation.
[[0;32m  OK  [0m] Created slice system-getty.slice.
[[0;32m  OK  [0m] Started Getty on tty1.
[[0;32m  OK  [0m] Reached target Login Prompts.
[[0;32m  OK  [0m] Started LSB: Record successful boot for GRUB.
[[0;32m  OK  [0m] Started Authorization Manager.
[[0;32m  OK  [0m] Started Accounts Service.
[[0;32m  OK  [0m] Started Virtualbox guest utils.
[[0;32m  OK  [0m] Started LXD - container startup/shutdown.
[[0;32m  OK  [0m] Started Snap Daemon.
         Starting Wait until snapd is fully seeded...
         Starting Time & Date Service...
[[0;32m  OK  [0m] Started Time & Date Service.
[[0;32m  OK  [0m] Started Pollinate to seed the pseudo random number generator.
         Starting OpenBSD Secure Shell server...
[[0;32m  OK  [0m] Started OpenBSD Secure Shell server.
[[0;32m  OK  [0m] Created slice User Slice of vagrant.
         Starting User Manager for UID 1000...
[[0;32m  OK  [0m] Started Session 1 of user vagrant.
[[0;32m  OK  [0m] Started User Manager for UID 1000.
[[0;32m  OK  [0m] Started Wait until snapd is fully seeded.
         Starting Apply the settings specified in cloud-config...
[   36.193666] cloud-init[1309]: Cloud-init v. 22.4.2-0ubuntu0~18.04.1 running 'modules:config' at Tue, 31 Jan 2023 17:47:42 +0000. Up 35.08 seconds.

Ubuntu 18.04.6 LTS ubuntu-bionic ttyS0

ubuntu-bionic login: ci-info: no authorized SSH keys fingerprints found for user ubuntu.
<14>Jan 31 17:47:44 cloud-init: #############################################################
<14>Jan 31 17:47:44 cloud-init: -----BEGIN SSH HOST KEY FINGERPRINTS-----
<14>Jan 31 17:47:44 cloud-init: 1024 SHA256:yFg3ENw6btE0yKzJtk+LK1p+V/iknEOiv8sQzfbORMQ root@ubuntu-bionic (DSA)
<14>Jan 31 17:47:44 cloud-init: 256 SHA256:oSY+TrDLdEQSoap2BzY5BmOzG9cF5OmjnzhQtTSQO0c root@ubuntu-bionic (ECDSA)
<14>Jan 31 17:47:44 cloud-init: 256 SHA256:yArNjR+7a9NI6lmsvoETWJdwXl0e67CYnBmTrAz1zcE root@ubuntu-bionic (ED25519)
<14>Jan 31 17:47:44 cloud-init: 2048 SHA256:w7ETQW1dI1NjFsMj/dDVzEujMTCT5qYkL9sicJ4MwTI root@ubuntu-bionic (RSA)
<14>Jan 31 17:47:44 cloud-init: -----END SSH HOST KEY FINGERPRINTS-----
<14>Jan 31 17:47:44 cloud-init: #############################################################
-----BEGIN SSH HOST KEY KEYS-----
ecdsa-sha2-nistp256 AAAAE2VjZHNhLXNoYTItbmlzdHAyNTYAAAAIbmlzdHAyNTYAAABBBGD5eFkKGSJ0W7mnccx0kuWcs8JXJqEkxyFU8FR/DaFtPhswdJnucxXHARFrNDqgOdSr1NrxiQiNuLh1jh528qg= root@ubuntu-bionic
ssh-ed25519 AAAAC3NzaC1lZDI1NTE5AAAAIJs9FDOIGulDS0G6XbknJq4JPOcVyn3vsxRtK5yZlKDz root@ubuntu-bionic
ssh-rsa AAAAB3NzaC1yc2EAAAADAQABAAABAQCoD5xKtFpHzXbsp5BupYu5y6VkolfwCYWyzmxYsgFJsKxvD4zII/fPQafUx0qj6XyUhO1Wbpka2DWklGbs0Qo+TOxz5xKr69N2Lo5VUjzukAjPGPFSKbjOBiJAgcQGBCeK4qqnBZAoLJQlfjoQe7ArXdOUjfOZHCw1KuxXafulDQB3jbioBdZiz0pqmoNM5QOab56FHnJV3r+PKrnfYocTYCMDtO4jFOSUC5Z3e7f1hvKixS87ZIC+dZf2M7YCss3kWzVxGAuQHVvIPKDbSiLu7tPZUmhbsraD1RzTPfzuQD3dqo/BycitxxzRHm4jeypXSuYy6pe1nYRHEgNV2n5R root@ubuntu-bionic
-----END SSH HOST KEY KEYS-----
[   37.221162] cloud-init[1415]: Cloud-init v. 22.4.2-0ubuntu0~18.04.1 running 'modules:final' at Tue, 31 Jan 2023 17:47:44 +0000. Up 36.93 seconds.
[   37.239103] cloud-init[1415]: Cloud-init v. 22.4.2-0ubuntu0~18.04.1 finished at Tue, 31 Jan 2023 17:47:44 +0000. Datasource DataSourceNoCloud [seed=/dev/sdb][dsmode=net].  Up 37.17 seconds
